2018/02/23 10:26:43 Starting cygwin install, version 2.888
2018/02/23 10:26:43 User has backup/restore rights
2018/02/23 10:26:43 Current Directory: I:\a0a\bins\Cygwin\local_package
2018/02/23 10:26:43 Could not open service McShield for query, start and stop. McAfee may not be installed, or we don't have access.
2018/02/23 10:26:51 Ending cygwin install
2018/04/30 00:06:43 Starting cygwin install, version 2.891
2018/04/30 00:06:43 User has backup/restore rights
2018/04/30 00:06:43 io_stream_cygfile: fopen(/etc/setup/setup.rc) failed 2 No such file or directory
2018/04/30 00:06:43 Current Directory: E:\a0a\ileler\configs\upan\.rc-cygwin
2018/04/30 00:06:43 Could not open service McShield for query, start and stop. McAfee may not be installed, or we don't have access.
2018/04/30 00:06:46 source: network install
2018/04/30 00:07:08 mbox Target CPU mismatch: You're trying to install a 64 bit version of Cygwin into a directory
containing a 32 bit version of Cygwin.  Continuing to do so would
break the existing installation.

Either run http://cygwin.com/setup-x86.exe to update your
existing 32 bit installation of Cygwin, or choose another directory
for your 64 bit installation.
2018/04/30 00:07:15 mbox Target CPU mismatch: You're trying to install a 64 bit version of Cygwin into a directory
containing a 32 bit version of Cygwin.  Continuing to do so would
break the existing installation.

Either run http://cygwin.com/setup-x86.exe to update your
existing 32 bit installation of Cygwin, or choose another directory
for your 64 bit installation.
2018/04/30 00:07:28 Ending cygwin install
