1525847267.702773 client started (4545): version 2.6, socket /tmp/tmux-0/default, protocol 8
1525847267.702871 on Linux 4.15.0-20-generic #21-Ubuntu SMP Tue Apr 24 06:16:15 UTC 2018; libevent 2.1.8-stable (poll)
1525847267.702944 socket is /tmp/tmux-0/default
1525847267.703004 trying connect
1525847267.703176 add peer 0x55c5ae1946f0: 6 ((nil))
1525847267.703352 sending message 100 to peer 0x55c5ae1946f0 (4 bytes)
1525847267.703420 sending message 101 to peer 0x55c5ae1946f0 (7 bytes)
1525847267.703476 sending message 102 to peer 0x55c5ae1946f0 (11 bytes)
1525847267.703529 sending message 108 to peer 0x55c5ae1946f0 (57 bytes)
1525847267.703651 sending message 104 to peer 0x55c5ae1946f0 (0 bytes)
1525847267.703708 sending message 107 to peer 0x55c5ae1946f0 (4 bytes)
1525847267.703761 sending message 105 to peer 0x55c5ae1946f0 (19 bytes)
1525847267.703813 sending message 105 to peer 0x55c5ae1946f0 (1516 bytes)
1525847267.703878 sending message 105 to peer 0x55c5ae1946f0 (72 bytes)
1525847267.703934 sending message 105 to peer 0x55c5ae1946f0 (34 bytes)
1525847267.703985 sending message 105 to peer 0x55c5ae1946f0 (17 bytes)
1525847267.704037 sending message 105 to peer 0x55c5ae1946f0 (11 bytes)
1525847267.704091 sending message 105 to peer 0x55c5ae1946f0 (23 bytes)
1525847267.704142 sending message 105 to peer 0x55c5ae1946f0 (63 bytes)
1525847267.704194 sending message 105 to peer 0x55c5ae1946f0 (168 bytes)
1525847267.704247 sending message 105 to peer 0x55c5ae1946f0 (67 bytes)
1525847267.704299 sending message 105 to peer 0x55c5ae1946f0 (20 bytes)
1525847267.704350 sending message 105 to peer 0x55c5ae1946f0 (62 bytes)
1525847267.704401 sending message 105 to peer 0x55c5ae1946f0 (64 bytes)
1525847267.704455 sending message 105 to peer 0x55c5ae1946f0 (43 bytes)
1525847267.704506 sending message 105 to peer 0x55c5ae1946f0 (141 bytes)
1525847267.704560 sending message 105 to peer 0x55c5ae1946f0 (9 bytes)
1525847267.704611 sending message 105 to peer 0x55c5ae1946f0 (20 bytes)
1525847267.704665 sending message 105 to peer 0x55c5ae1946f0 (21 bytes)
1525847267.704716 sending message 105 to peer 0x55c5ae1946f0 (61 bytes)
1525847267.704768 sending message 105 to peer 0x55c5ae1946f0 (15 bytes)
1525847267.704819 sending message 105 to peer 0x55c5ae1946f0 (32 bytes)
1525847267.704870 sending message 105 to peer 0x55c5ae1946f0 (55 bytes)
1525847267.704924 sending message 105 to peer 0x55c5ae1946f0 (65 bytes)
1525847267.704975 sending message 105 to peer 0x55c5ae1946f0 (105 bytes)
1525847267.705027 sending message 105 to peer 0x55c5ae1946f0 (19 bytes)
1525847267.705079 sending message 105 to peer 0x55c5ae1946f0 (12 bytes)
1525847267.705130 sending message 105 to peer 0x55c5ae1946f0 (16 bytes)
1525847267.705181 sending message 105 to peer 0x55c5ae1946f0 (13 bytes)
1525847267.705232 sending message 105 to peer 0x55c5ae1946f0 (8 bytes)
1525847267.705282 sending message 105 to peer 0x55c5ae1946f0 (21 bytes)
1525847267.705334 sending message 105 to peer 0x55c5ae1946f0 (63 bytes)
1525847267.705387 sending message 105 to peer 0x55c5ae1946f0 (12 bytes)
1525847267.705437 sending message 105 to peer 0x55c5ae1946f0 (41 bytes)
1525847267.705489 sending message 105 to peer 0x55c5ae1946f0 (540 bytes)
1525847267.705540 sending message 105 to peer 0x55c5ae1946f0 (138 bytes)
1525847267.705591 sending message 105 to peer 0x55c5ae1946f0 (171 bytes)
1525847267.705644 sending message 105 to peer 0x55c5ae1946f0 (32 bytes)
1525847267.705695 sending message 105 to peer 0x55c5ae1946f0 (32 bytes)
1525847267.705749 sending message 105 to peer 0x55c5ae1946f0 (16 bytes)
1525847267.705800 sending message 105 to peer 0x55c5ae1946f0 (16 bytes)
1525847267.705851 sending message 106 to peer 0x55c5ae1946f0 (0 bytes)
1525847267.705904 sending message 200 to peer 0x55c5ae1946f0 (4 bytes)
1525847267.705954 client loop enter
1525847267.706626 peer 0x55c5ae1946f0 message 211
1525847267.706719 peer 0x55c5ae1946f0 message 203
1525847267.706835 client loop exit
